Using pre-set license
Built from '2022.3/staging' branch; Version is '2022.3.14f1 (eff2de9070d8) revision 15725278'; Using compiler version '192829333'; Build Type 'Release'
OS: 'Windows 10  (10.0.19045) 64bit Education' Language: 'ko' Physical Memory: 16318 MB
BatchMode: 1, IsHumanControllingUs: 0, StartBugReporterOnCrash: 0, Is64bit: 1, IsPro: 1

COMMAND LINE ARGUMENTS:
C:\Program Files\Unity\Hub\Editor\2022.3.14f1\Editor\Unity.exe
-adb2
-batchMode
-noUpm
-name
AssetImportWorker1
-projectPath
C:/Users/Administrator/Desktop/ToyProject01/TutorialUnity
-logFile
Logs/AssetImportWorker1.log
-srvPort
55542
Successfully changed project path to: C:/Users/Administrator/Desktop/ToyProject01/TutorialUnity
C:/Users/Administrator/Desktop/ToyProject01/TutorialUnity
[UnityMemory] Configuration Parameters - Can be set up in boot.config
    "memorysetup-bucket-allocator-granularity=16"
    "memorysetup-bucket-allocator-bucket-count=8"
    "memorysetup-bucket-allocator-block-size=33554432"
    "memorysetup-bucket-allocator-block-count=8"
    "memorysetup-main-allocator-block-size=16777216"
    "memorysetup-thread-allocator-block-size=16777216"
    "memorysetup-gfx-main-allocator-block-size=16777216"
    "memorysetup-gfx-thread-allocator-block-size=16777216"
    "memorysetup-cache-allocator-block-size=4194304"
    "memorysetup-typetree-allocator-block-size=2097152"
    "memorysetup-profiler-bucket-allocator-granularity=16"
    "memorysetup-profiler-bucket-allocator-bucket-count=8"
    "memorysetup-profiler-bucket-allocator-block-size=33554432"
    "memorysetup-profiler-bucket-allocator-block-count=8"
    "memorysetup-profiler-allocator-block-size=16777216"
    "memorysetup-profiler-editor-allocator-block-size=1048576"
    "memorysetup-temp-allocator-size-main=16777216"
    "memorysetup-job-temp-allocator-block-size=2097152"
    "memorysetup-job-temp-allocator-block-size-background=1048576"
    "memorysetup-job-temp-allocator-reduction-small-platforms=262144"
    "memorysetup-allocator-temp-initial-block-size-main=262144"
    "memorysetup-allocator-temp-initial-block-size-worker=262144"
    "memorysetup-temp-allocator-size-background-worker=32768"
    "memorysetup-temp-allocator-size-job-worker=262144"
    "memorysetup-temp-allocator-size-preload-manager=33554432"
    "memorysetup-temp-allocator-size-nav-mesh-worker=65536"
    "memorysetup-temp-allocator-size-audio-worker=65536"
    "memorysetup-temp-allocator-size-cloud-worker=32768"
    "memorysetup-temp-allocator-size-gi-baking-worker=262144"
    "memorysetup-temp-allocator-size-gfx=262144"
Player connection [23448] Host "[IP] 192.168.0.149 [Port] 0 [Flags] 2 [Guid] 1209233891 [EditorId] 1209233891 [Version] 1048832 [Id] WindowsEditor(7,DESKTOP-G7R323G) [Debug] 1 [PackageName] WindowsEditor [ProjectName] Editor" joined multi-casting on [225.0.0.222:54997]...

Player connection [23448] Host "[IP] 192.168.0.149 [Port] 0 [Flags] 2 [Guid] 1209233891 [EditorId] 1209233891 [Version] 1048832 [Id] WindowsEditor(7,DESKTOP-G7R323G) [Debug] 1 [PackageName] WindowsEditor [ProjectName] Editor" joined alternative multi-casting on [225.0.0.222:34997]...

[Physics::Module] Initialized MultithreadedJobDispatcher with 11 workers.
Refreshing native plugins compatible for Editor in 12.70 ms, found 3 plugins.
Preloading 0 native plugins for Editor in 0.00 ms.
Initialize engine version: 2022.3.14f1 (eff2de9070d8)
[Subsystems] Discovering subsystems at path C:/Program Files/Unity/Hub/Editor/2022.3.14f1/Editor/Data/Resources/UnitySubsystems
[Subsystems] Discovering subsystems at path C:/Users/Administrator/Desktop/ToyProject01/TutorialUnity/Assets
GfxDevice: creating device client; threaded=0; jobified=0
Direct3D:
    Version:  Direct3D 11.0 [level 11.1]
    Renderer: NVIDIA GeForce GTX 1660 (ID=0x2184)
    Vendor:   NVIDIA
    VRAM:     5980 MB
    Driver:   31.0.15.3623
Initialize mono
Mono path[0] = 'C:/Program Files/Unity/Hub/Editor/2022.3.14f1/Editor/Data/Managed'
Mono path[1] = 'C:/Program Files/Unity/Hub/Editor/2022.3.14f1/Editor/Data/MonoBleedingEdge/lib/mono/unityjit-win32'
Mono config path = 'C:/Program Files/Unity/Hub/Editor/2022.3.14f1/Editor/Data/MonoBleedingEdge/etc'
Using monoOptions --debugger-agent=transport=dt_socket,embedding=1,server=y,suspend=n,address=127.0.0.1:56948
Begin MonoManager ReloadAssembly
Registering precompiled unity dll's ...
Register platform support module: C:/Program Files/Unity/Hub/Editor/2022.3.14f1/Editor/Data/PlaybackEngines/AndroidPlayer/UnityEditor.Android.Extensions.dll
Register platform support module: C:/Program Files/Unity/Hub/Editor/2022.3.14f1/Editor/Data/PlaybackEngines/WindowsStandaloneSupport/UnityEditor.WindowsStandalone.Extensions.dll
Registered in 0.014490 seconds.
- Loaded All Assemblies, in  0.452 seconds
Native extension for WindowsStandalone target not found
Native extension for Android target not found
Android Extension - Scanning For ADB Devices 307 ms
Mono: successfully reloaded assembly
- Finished resetting the current domain, in  0.643 seconds
Domain Reload Profiling: 1093ms
	BeginReloadAssembly (144ms)
		ExecutionOrderSort (0ms)
		DisableScriptedObjects (0ms)
		BackupInstance (0ms)
		ReleaseScriptingObjects (0ms)
		CreateAndSetChildDomain (1ms)
	RebuildCommonClasses (36ms)
	RebuildNativeTypeToScriptingClass (18ms)
	initialDomainReloadingComplete (83ms)
	LoadAllAssembliesAndSetupDomain (168ms)
		LoadAssemblies (142ms)
		RebuildTransferFunctionScriptingTraits (0ms)
		AnalyzeDomain (165ms)
			TypeCache.Refresh (163ms)
				TypeCache.ScanAssembly (146ms)
			ScanForSourceGeneratedMonoScriptInfo (1ms)
			ResolveRequiredComponents (1ms)
	FinalizeReload (643ms)
		ReleaseScriptCaches (0ms)
		RebuildScriptCaches (0ms)
		SetupLoadedEditorAssemblies (576ms)
			LogAssemblyErrors (0ms)
			InitializePlatformSupportModulesInManaged (420ms)
			SetLoadedEditorAssemblies (4ms)
			RefreshPlugins (0ms)
			BeforeProcessingInitializeOnLoad (2ms)
			ProcessInitializeOnLoadAttributes (99ms)
			ProcessInitializeOnLoadMethodAttributes (51ms)
			AfterProcessingInitializeOnLoad (0ms)
			EditorAssembliesLoaded (0ms)
		ExecutionOrderSort2 (0ms)
		AwakeInstancesAfterBackupRestoration (0ms)
========================================================================
Worker process is ready to serve import requests
Begin MonoManager ReloadAssembly
- Loaded All Assemblies, in  0.886 seconds
Refreshing native plugins compatible for Editor in 3.85 ms, found 3 plugins.
Native extension for WindowsStandalone target not found
Native extension for Android target not found
Package Manager log level set to [2]
[Package Manager] Server::EnsureServerProcessIsRunning -- launch failed, reason: Unity was launched with the -noUpm command-line argument
[Package Manager] UpmClient::Send -- Unable to send message (not connected to UPM process).
[Package Manager] Cannot connect to Unity Package Manager local server
Mono: successfully reloaded assembly
- Finished resetting the current domain, in  0.764 seconds
Domain Reload Profiling: 1646ms
	BeginReloadAssembly (214ms)
		ExecutionOrderSort (0ms)
		DisableScriptedObjects (6ms)
		BackupInstance (0ms)
		ReleaseScriptingObjects (0ms)
		CreateAndSetChildDomain (34ms)
	RebuildCommonClasses (37ms)
	RebuildNativeTypeToScriptingClass (12ms)
	initialDomainReloadingComplete (53ms)
	LoadAllAssembliesAndSetupDomain (566ms)
		LoadAssemblies (440ms)
		RebuildTransferFunctionScriptingTraits (0ms)
		AnalyzeDomain (255ms)
			TypeCache.Refresh (230ms)
				TypeCache.ScanAssembly (199ms)
			ScanForSourceGeneratedMonoScriptInfo (18ms)
			ResolveRequiredComponents (5ms)
	FinalizeReload (764ms)
		ReleaseScriptCaches (0ms)
		RebuildScriptCaches (0ms)
		SetupLoadedEditorAssemblies (568ms)
			LogAssemblyErrors (0ms)
			InitializePlatformSupportModulesInManaged (32ms)
			SetLoadedEditorAssemblies (6ms)
			RefreshPlugins (0ms)
			BeforeProcessingInitializeOnLoad (107ms)
			ProcessInitializeOnLoadAttributes (389ms)
			ProcessInitializeOnLoadMethodAttributes (25ms)
			AfterProcessingInitializeOnLoad (9ms)
			EditorAssembliesLoaded (0ms)
		ExecutionOrderSort2 (0ms)
		AwakeInstancesAfterBackupRestoration (8ms)
Launched and connected shader compiler UnityShaderCompiler.exe after 0.04 seconds
Refreshing native plugins compatible for Editor in 4.32 ms, found 3 plugins.
Preloading 0 native plugins for Editor in 0.00 ms.
Unloading 3123 Unused Serialized files (Serialized files now loaded: 0)
Unloading 32 unused Assets / (57.4 KB). Loaded Objects now: 3594.
Memory consumption went from 146.4 MB to 146.4 MB.
Total: 4.718400 ms (FindLiveObjects: 0.593700 ms CreateObjectMapping: 0.547900 ms MarkObjects: 3.416100 ms  DeleteObjects: 0.158900 ms)

AssetImportParameters requested are different than current active one (requested -> active):
  custom:container-demuxer-ogg: 62fdf1f143b41e24485cea50d1cbac27 -> 
  custom:video-decoder-ogg-theora: a1e56fd34408186e4bbccfd4996cb3dc -> 
  custom:framework-win-MediaFoundation: 216162199b28c13a410421893ffa2e32 -> 
  custom:CustomObjectIndexerAttribute: 756ad292c208cfabdd7b50bc23989ffe -> 
  custom:container-demuxer-webm: 4f35f7cbe854078d1ac9338744f61a02 -> 
  custom:container-muxer-webm: aa71ff27fc2769a1b78a27578f13a17b -> 
  custom:video-decoder-webm-vp8: 9c59270c3fd7afecdb556c50c9e8de78 -> 
  custom:SearchIndexIgnoredProperties: e643bd26f0fe6173181afceb89e7c659 -> 
  custom:AudioImporter_EditorPlatform: d09bf68614088b80899f8185d706f6e7 -> 
  custom:video-encoder-webm-vp8: eb34c28f22e8b96e1ab97ce403110664 -> 
  custom:audio-decoder-ogg-vorbis: bf7c407c2cedff20999df2af8eb42d56 -> 
  custom:audio-encoder-webm-vorbis: bf7c407c2cedff20999df2af8eb42d56 -> 
========================================================================
Received Import Request.
  Time since last request: 97060.182271 seconds.
  path: Assets/Malbers Animations/Horse AnimSet Pro/Undead Horse/Materials & Textures/Realistic/Undead_Horse_Ice.mat
  artifactKey: Guid(d3b738ebd88904b41a62b794a52ae367) Importer(815301076,1909f56bfc062723c751e8b465ee728b)
Start importing Assets/Malbers Animations/Horse AnimSet Pro/Undead Horse/Materials & Textures/Realistic/Undead_Horse_Ice.mat using Guid(d3b738ebd88904b41a62b794a52ae367) Importer(815301076,1909f56bfc062723c751e8b465ee728b)  -> (artifact id: '749d3dad900d7499e15ee9a5f5079c7e') in 1.067572 seconds
Number of updated asset objects reloaded before import = 0
Number of asset objects unloaded after import = 5
========================================================================
Received Import Request.
  Time since last request: 0.000066 seconds.
  path: Assets/Malbers Animations/Horse AnimSet Pro/Undead Horse/Materials & Textures/Realistic/Undead_Horse_Armor_Ice.mat
  artifactKey: Guid(2bb2de3182ec664458e9d87393c2ec66) Importer(815301076,1909f56bfc062723c751e8b465ee728b)
Start importing Assets/Malbers Animations/Horse AnimSet Pro/Undead Horse/Materials & Textures/Realistic/Undead_Horse_Armor_Ice.mat using Guid(2bb2de3182ec664458e9d87393c2ec66) Importer(815301076,1909f56bfc062723c751e8b465ee728b)  -> (artifact id: '68927b7cd1d6cc88712c98609b25a2ec') in 0.191762 seconds
Number of updated asset objects reloaded before import = 0
Number of asset objects unloaded after import = 5
========================================================================
Received Import Request.
  Time since last request: 0.000027 seconds.
  path: Assets/Malbers Animations/Horse AnimSet Pro/Undead Horse/Materials & Textures/Effects/Eye Smoke.mat
  artifactKey: Guid(e69f8a6341d1b2d4ab17963a65a5c206) Importer(815301076,1909f56bfc062723c751e8b465ee728b)
Start importing Assets/Malbers Animations/Horse AnimSet Pro/Undead Horse/Materials & Textures/Effects/Eye Smoke.mat using Guid(e69f8a6341d1b2d4ab17963a65a5c206) Importer(815301076,1909f56bfc062723c751e8b465ee728b)  -> (artifact id: '65995744bf59bd185f3066fb9bfa78e3') in 0.045782 seconds
Number of updated asset objects reloaded before import = 0
Number of asset objects unloaded after import = 1
========================================================================
Received Import Request.
  Time since last request: 0.000025 seconds.
  path: Assets/Malbers Animations/Common/Shaders/Gradient 4.mat
  artifactKey: Guid(7cf7dcec610dbd04f92f76e1baab823d) Importer(815301076,1909f56bfc062723c751e8b465ee728b)
Start importing Assets/Malbers Animations/Common/Shaders/Gradient 4.mat using Guid(7cf7dcec610dbd04f92f76e1baab823d) Importer(815301076,1909f56bfc062723c751e8b465ee728b)  -> (artifact id: '1dec34308cf0c9f2a1b6b44101583d82') in 0.266789 seconds
Number of updated asset objects reloaded before import = 0
Number of asset objects unloaded after import = 1
========================================================================
Received Import Request.
  Time since last request: 0.000034 seconds.
  path: Assets/Malbers Animations/Common/Shaders/Ground_20.mat
  artifactKey: Guid(de3f4753ad99ddd4791206d831d03b71) Importer(815301076,1909f56bfc062723c751e8b465ee728b)
Start importing Assets/Malbers Animations/Common/Shaders/Ground_20.mat using Guid(de3f4753ad99ddd4791206d831d03b71) Importer(815301076,1909f56bfc062723c751e8b465ee728b)  -> (artifact id: 'd162f3949071d350465e12d1c13b4f27') in 0.110683 seconds
Number of updated asset objects reloaded before import = 0
Number of asset objects unloaded after import = 2
========================================================================
Received Import Request.
  Time since last request: 0.000023 seconds.
  path: Assets/Malbers Animations/Horse AnimSet Pro/Undead Horse/Materials & Textures/Mane/Horse_Mane_D_Blond.mat
  artifactKey: Guid(ae8d4bcbd91bb22489ecec2ee46e88bb) Importer(815301076,1909f56bfc062723c751e8b465ee728b)
Start importing Assets/Malbers Animations/Horse AnimSet Pro/Undead Horse/Materials & Textures/Mane/Horse_Mane_D_Blond.mat using Guid(ae8d4bcbd91bb22489ecec2ee46e88bb) Importer(815301076,1909f56bfc062723c751e8b465ee728b)  -> (artifact id: 'f0fb321c16901392d92051f14cf47553') in 0.310899 seconds
Number of updated asset objects reloaded before import = 0
Number of asset objects unloaded after import = 3
========================================================================
Received Import Request.
  Time since last request: 0.000030 seconds.
  path: Assets/Malbers Animations/Horse AnimSet Pro/Undead Horse/Materials & Textures/Mane/Mane Black.mat
  artifactKey: Guid(e51cf3b121ea9f24e98a3b31f8ed1a29) Importer(815301076,1909f56bfc062723c751e8b465ee728b)
Start importing Assets/Malbers Animations/Horse AnimSet Pro/Undead Horse/Materials & Textures/Mane/Mane Black.mat using Guid(e51cf3b121ea9f24e98a3b31f8ed1a29) Importer(815301076,1909f56bfc062723c751e8b465ee728b)  -> (artifact id: 'b6e3542162c3a27d610c414b4d06b2d2') in 0.288620 seconds
Number of updated asset objects reloaded before import = 0
Number of asset objects unloaded after import = 3
========================================================================
Received Import Request.
  Time since last request: 0.000022 seconds.
  path: Assets/Malbers Animations/Common/Materials & Textures/Magic/Magic Black.mat
  artifactKey: Guid(5e2948538d3401c4e9b045835fad426a) Importer(815301076,1909f56bfc062723c751e8b465ee728b)
Start importing Assets/Malbers Animations/Common/Materials & Textures/Magic/Magic Black.mat using Guid(5e2948538d3401c4e9b045835fad426a) Importer(815301076,1909f56bfc062723c751e8b465ee728b)  -> (artifact id: '17fd0b672228821167439498f4d47409') in 0.286437 seconds
Number of updated asset objects reloaded before import = 0
Number of asset objects unloaded after import = 1
========================================================================
Received Import Request.
  Time since last request: 0.000029 seconds.
  path: Assets/Malbers Animations/Horse AnimSet Pro/Undead Horse/Materials & Textures/Effects/Eyes Fire.mat
  artifactKey: Guid(491ad2c669cb96943874e9a2cf31caeb) Importer(815301076,1909f56bfc062723c751e8b465ee728b)
Start importing Assets/Malbers Animations/Horse AnimSet Pro/Undead Horse/Materials & Textures/Effects/Eyes Fire.mat using Guid(491ad2c669cb96943874e9a2cf31caeb) Importer(815301076,1909f56bfc062723c751e8b465ee728b)  -> (artifact id: 'cf36070f8226d67776ce8edb71015c54') in 0.052634 seconds
Number of updated asset objects reloaded before import = 0
Number of asset objects unloaded after import = 1
========================================================================
Received Import Request.
  Time since last request: 0.000068 seconds.
  path: Assets/Malbers Animations/Common/Shaders/Water.mat
  artifactKey: Guid(358c718a8aab6284ab1dee6af28bf1e7) Importer(815301076,1909f56bfc062723c751e8b465ee728b)
Start importing Assets/Malbers Animations/Common/Shaders/Water.mat using Guid(358c718a8aab6284ab1dee6af28bf1e7) Importer(815301076,1909f56bfc062723c751e8b465ee728b)  -> (artifact id: '1dc994baae6dabeb297e627cee78ccae') in 0.362035 seconds
Number of updated asset objects reloaded before import = 0
Number of asset objects unloaded after import = 1
========================================================================
Received Import Request.
  Time since last request: 0.000023 seconds.
  path: Assets/Malbers Animations/Horse AnimSet Pro/Undead Horse/Materials & Textures/Realistic/Undead_Horse_Rotten.mat
  artifactKey: Guid(841601b1f504cfd41ab98c85ce85f00f) Importer(815301076,1909f56bfc062723c751e8b465ee728b)
Start importing Assets/Malbers Animations/Horse AnimSet Pro/Undead Horse/Materials & Textures/Realistic/Undead_Horse_Rotten.mat using Guid(841601b1f504cfd41ab98c85ce85f00f) Importer(815301076,1909f56bfc062723c751e8b465ee728b)  -> (artifact id: '3e618ca53b99e103b9b2e9be605c8dba') in 1.002429 seconds
Number of updated asset objects reloaded before import = 0
Number of asset objects unloaded after import = 4
========================================================================
Received Import Request.
  Time since last request: 0.000040 seconds.
  path: Assets/Malbers Animations/Horse AnimSet Pro/Undead Horse/Materials & Textures/Mane/Horse_Mane_D_Brown 1.mat
  artifactKey: Guid(4205a41eb8b92184ca2c1892f39f63e2) Importer(815301076,1909f56bfc062723c751e8b465ee728b)
Start importing Assets/Malbers Animations/Horse AnimSet Pro/Undead Horse/Materials & Textures/Mane/Horse_Mane_D_Brown 1.mat using Guid(4205a41eb8b92184ca2c1892f39f63e2) Importer(815301076,1909f56bfc062723c751e8b465ee728b)  -> (artifact id: 'dc7a5933b69fbb5c766bca13c23982ee') in 0.067326 seconds
Number of updated asset objects reloaded before import = 0
Number of asset objects unloaded after import = 4
========================================================================
Received Import Request.
  Time since last request: 0.000055 seconds.
  path: Assets/Malbers Animations/Horse AnimSet Pro/Undead Horse/Materials & Textures/Toon/Horse_Undead_Toon_Fire.mat
  artifactKey: Guid(2d18649087f95fe42bfa4d7f3d41c80e) Importer(815301076,1909f56bfc062723c751e8b465ee728b)
Start importing Assets/Malbers Animations/Horse AnimSet Pro/Undead Horse/Materials & Textures/Toon/Horse_Undead_Toon_Fire.mat using Guid(2d18649087f95fe42bfa4d7f3d41c80e) Importer(815301076,1909f56bfc062723c751e8b465ee728b)  -> (artifact id: 'e1c56f6586cd2aef429d95188f6bcce2') in 0.488485 seconds
Number of updated asset objects reloaded before import = 0
Number of asset objects unloaded after import = 3
========================================================================
Received Import Request.
  Time since last request: 0.000020 seconds.
  path: Assets/Malbers Animations/Horse AnimSet Pro/Undead Horse/Materials & Textures/Mane/Mane Brown.mat
  artifactKey: Guid(480d974d0f164444398df59ba4de668b) Importer(815301076,1909f56bfc062723c751e8b465ee728b)
Start importing Assets/Malbers Animations/Horse AnimSet Pro/Undead Horse/Materials & Textures/Mane/Mane Brown.mat using Guid(480d974d0f164444398df59ba4de668b) Importer(815301076,1909f56bfc062723c751e8b465ee728b)  -> (artifact id: 'd846febfb8f86f669cd908304449f162') in 0.082715 seconds
Number of updated asset objects reloaded before import = 0
Number of asset objects unloaded after import = 3
========================================================================
Received Import Request.
  Time since last request: 0.000026 seconds.
  path: Assets/Malbers Animations/Horse AnimSet Pro/Undead Horse/Materials & Textures/Mane/Mane Brown Toon.mat
  artifactKey: Guid(177dc3945ab8c124e979560384368d49) Importer(815301076,1909f56bfc062723c751e8b465ee728b)
Start importing Assets/Malbers Animations/Horse AnimSet Pro/Undead Horse/Materials & Textures/Mane/Mane Brown Toon.mat using Guid(177dc3945ab8c124e979560384368d49) Importer(815301076,1909f56bfc062723c751e8b465ee728b)  -> (artifact id: 'f62dc91cc56a9f18813e7a6c989dd236') in 0.034734 seconds
Number of updated asset objects reloaded before import = 0
Number of asset objects unloaded after import = 3
========================================================================
Received Import Request.
  Time since last request: 0.000029 seconds.
  path: Assets/Malbers Animations/Horse AnimSet Pro/Undead Horse/Materials & Textures/Knight/Knight_Toon_Default.mat
  artifactKey: Guid(0880fbd6da0f26247a87ed52fad6b3a9) Importer(815301076,1909f56bfc062723c751e8b465ee728b)
Start importing Assets/Malbers Animations/Horse AnimSet Pro/Undead Horse/Materials & Textures/Knight/Knight_Toon_Default.mat using Guid(0880fbd6da0f26247a87ed52fad6b3a9) Importer(815301076,1909f56bfc062723c751e8b465ee728b)  -> (artifact id: 'abbfc00a465e80ce2e842752a5434e30') in 0.303080 seconds
Number of updated asset objects reloaded before import = 0
Number of asset objects unloaded after import = 3
========================================================================
Received Import Request.
  Time since last request: 0.000043 seconds.
  path: Assets/Malbers Animations/Horse AnimSet Pro/Undead Horse/Materials & Textures/Mane/Mane Blond.mat
  artifactKey: Guid(577c0a5052813ac418bf59a4b15b5172) Importer(815301076,1909f56bfc062723c751e8b465ee728b)
Start importing Assets/Malbers Animations/Horse AnimSet Pro/Undead Horse/Materials & Textures/Mane/Mane Blond.mat using Guid(577c0a5052813ac418bf59a4b15b5172) Importer(815301076,1909f56bfc062723c751e8b465ee728b)  -> (artifact id: 'fa9ca871ca6195cf3b9293ba033443de') in 0.054816 seconds
Number of updated asset objects reloaded before import = 0
Number of asset objects unloaded after import = 3
========================================================================
Received Import Request.
  Time since last request: 0.000049 seconds.
  path: Assets/Malbers Animations/Horse AnimSet Pro/Undead Horse/Materials & Textures/Knight/Knight_Re_Toxic.mat
  artifactKey: Guid(ac93988058bd34643a74df36776fad36) Importer(815301076,1909f56bfc062723c751e8b465ee728b)
Start importing Assets/Malbers Animations/Horse AnimSet Pro/Undead Horse/Materials & Textures/Knight/Knight_Re_Toxic.mat using Guid(ac93988058bd34643a74df36776fad36) Importer(815301076,1909f56bfc062723c751e8b465ee728b)  -> (artifact id: '79c016a18946e82f24e489cb3bf079d9') in 0.678460 seconds
Number of updated asset objects reloaded before import = 0
Number of asset objects unloaded after import = 5
========================================================================
Received Import Request.
  Time since last request: 0.003111 seconds.
  path: Assets/Malbers Animations/Common/Materials & Textures/Environment/Skybox 1.mat
  artifactKey: Guid(2741efa2fe99b9a47a1debab48c4878d) Importer(815301076,1909f56bfc062723c751e8b465ee728b)
Start importing Assets/Malbers Animations/Common/Materials & Textures/Environment/Skybox 1.mat using Guid(2741efa2fe99b9a47a1debab48c4878d) Importer(815301076,1909f56bfc062723c751e8b465ee728b)  -> (artifact id: '138771b40402e6c56c3302171e2e56be') in 0.186213 seconds
Number of updated asset objects reloaded before import = 0
Number of asset objects unloaded after import = 1
========================================================================
Received Import Request.
  Time since last request: 0.000044 seconds.
  path: Assets/Malbers Animations/Horse AnimSet Pro/Undead Horse/Materials & Textures/PolyArt/Undead Poison.mat
  artifactKey: Guid(b97b368c770d11747ae276aacac49fea) Importer(815301076,1909f56bfc062723c751e8b465ee728b)
Start importing Assets/Malbers Animations/Horse AnimSet Pro/Undead Horse/Materials & Textures/PolyArt/Undead Poison.mat using Guid(b97b368c770d11747ae276aacac49fea) Importer(815301076,1909f56bfc062723c751e8b465ee728b)  -> (artifact id: 'dc3dee28efbaddbaa714f5f15b478c13') in 0.436572 seconds
Number of updated asset objects reloaded before import = 0
Number of asset objects unloaded after import = 2
========================================================================
Received Import Request.
  Time since last request: 0.000035 seconds.
  path: Assets/Malbers Animations/Horse AnimSet Pro/Undead Horse/Materials & Textures/Mane/Mane Light Low.mat
  artifactKey: Guid(312842208e6a614429089b58e2cd9c5a) Importer(815301076,1909f56bfc062723c751e8b465ee728b)
Start importing Assets/Malbers Animations/Horse AnimSet Pro/Undead Horse/Materials & Textures/Mane/Mane Light Low.mat using Guid(312842208e6a614429089b58e2cd9c5a) Importer(815301076,1909f56bfc062723c751e8b465ee728b)  -> (artifact id: '3df879419871450f45505d49a0004fb7') in 0.034922 seconds
Number of updated asset objects reloaded before import = 0
Number of asset objects unloaded after import = 3
========================================================================
Received Import Request.
  Time since last request: 0.000071 seconds.
  path: Assets/Malbers Animations/Horse AnimSet Pro/Undead Horse/Materials & Textures/Eyes/Horse_Undead_Eye_Fire.mat
  artifactKey: Guid(909ff977e96bb8a40b04e7651edefb75) Importer(815301076,1909f56bfc062723c751e8b465ee728b)
Start importing Assets/Malbers Animations/Horse AnimSet Pro/Undead Horse/Materials & Textures/Eyes/Horse_Undead_Eye_Fire.mat using Guid(909ff977e96bb8a40b04e7651edefb75) Importer(815301076,1909f56bfc062723c751e8b465ee728b)  -> (artifact id: 'ad754fd968a214fc0e236a20e4605e9b') in 0.022258 seconds
Number of updated asset objects reloaded before import = 0
Number of asset objects unloaded after import = 2
========================================================================
Received Import Request.
  Time since last request: 0.000034 seconds.
  path: Assets/Malbers Animations/Common/Shaders/PlayGround Terrain.mat
  artifactKey: Guid(7ef8399c1820c4f42a895f266759d87c) Importer(815301076,1909f56bfc062723c751e8b465ee728b)
Start importing Assets/Malbers Animations/Common/Shaders/PlayGround Terrain.mat using Guid(7ef8399c1820c4f42a895f266759d87c) Importer(815301076,1909f56bfc062723c751e8b465ee728b)  -> (artifact id: '3497c86e002fc025c0152f560fa360d3') in 0.480289 seconds
Number of updated asset objects reloaded before import = 0
Number of asset objects unloaded after import = 1
========================================================================
Received Import Request.
  Time since last request: 0.000024 seconds.
  path: Assets/Malbers Animations/Horse AnimSet Pro/Undead Horse/Materials & Textures/PolyArt/Undead Fire.mat
  artifactKey: Guid(1bb6f69b055271e46a2faf9f5b5f1464) Importer(815301076,1909f56bfc062723c751e8b465ee728b)
Start importing Assets/Malbers Animations/Horse AnimSet Pro/Undead Horse/Materials & Textures/PolyArt/Undead Fire.mat using Guid(1bb6f69b055271e46a2faf9f5b5f1464) Importer(815301076,1909f56bfc062723c751e8b465ee728b)  -> (artifact id: 'd6118faaf2ae62db9a8ad76f39450bc1') in 0.014737 seconds
Number of updated asset objects reloaded before import = 0
Number of asset objects unloaded after import = 2
========================================================================
Received Import Request.
  Time since last request: 0.000042 seconds.
  path: Assets/Malbers Animations/Horse AnimSet Pro/Undead Horse/Materials & Textures/Mane/Horse_Mane_D_Gray.mat
  artifactKey: Guid(3f5a8fa68252aa64f9f47e69d1034b5c) Importer(815301076,1909f56bfc062723c751e8b465ee728b)
Start importing Assets/Malbers Animations/Horse AnimSet Pro/Undead Horse/Materials & Textures/Mane/Horse_Mane_D_Gray.mat using Guid(3f5a8fa68252aa64f9f47e69d1034b5c) Importer(815301076,1909f56bfc062723c751e8b465ee728b)  -> (artifact id: 'af2b4912daa04a8d335c361a4a781a50') in 0.040833 seconds
Number of updated asset objects reloaded before import = 0
Number of asset objects unloaded after import = 3
========================================================================
Received Import Request.
  Time since last request: 0.000016 seconds.
  path: Assets/Malbers Animations/Horse AnimSet Pro/Undead Horse/Materials & Textures/Mane/Horse_Mane_D_White 1.mat
  artifactKey: Guid(ec67bcda94d396942bb923cbf0a6e16c) Importer(815301076,1909f56bfc062723c751e8b465ee728b)
Start importing Assets/Malbers Animations/Horse AnimSet Pro/Undead Horse/Materials & Textures/Mane/Horse_Mane_D_White 1.mat using Guid(ec67bcda94d396942bb923cbf0a6e16c) Importer(815301076,1909f56bfc062723c751e8b465ee728b)  -> (artifact id: '910b44d95a30016bde25c52b041c44aa') in 0.037629 seconds
Number of updated asset objects reloaded before import = 0
Number of asset objects unloaded after import = 4
========================================================================
Received Import Request.
  Time since last request: 0.000025 seconds.
  path: Assets/Malbers Animations/Horse AnimSet Pro/Undead Horse/Materials & Textures/Knight/Knight_Re_Default.mat
  artifactKey: Guid(2402c11bbfc1dce4aa8b02997f36ad2d) Importer(815301076,1909f56bfc062723c751e8b465ee728b)
Start importing Assets/Malbers Animations/Horse AnimSet Pro/Undead Horse/Materials & Textures/Knight/Knight_Re_Default.mat using Guid(2402c11bbfc1dce4aa8b02997f36ad2d) Importer(815301076,1909f56bfc062723c751e8b465ee728b)  -> (artifact id: '0a56e1fe615a2efb9c45cab8ccbef0ca') in 0.558598 seconds
Number of updated asset objects reloaded before import = 0
Number of asset objects unloaded after import = 5
========================================================================
Received Import Request.
  Time since last request: 0.000018 seconds.
  path: Assets/Malbers Animations/Common/Materials & Textures/Environment/Skybox 3.mat
  artifactKey: Guid(32cbc1b39d41ab941b5f643d8600457a) Importer(815301076,1909f56bfc062723c751e8b465ee728b)
Start importing Assets/Malbers Animations/Common/Materials & Textures/Environment/Skybox 3.mat using Guid(32cbc1b39d41ab941b5f643d8600457a) Importer(815301076,1909f56bfc062723c751e8b465ee728b)  -> (artifact id: '2588e0c83abc8ceb65a8be4cdbc94556') in 0.239870 seconds
Number of updated asset objects reloaded before import = 0
Number of asset objects unloaded after import = 2
Editor requested this worker to shutdown with reason: Scaling down because of idle timeout
TcpMessagingSession - receive error: operation aborted. errorcode: 995, details: 스레드 종료 또는 응용 프로그램 요청 때문에 I/O 작업이 취소되었습니다.
AssetImportWorker is now disconnected from the server
Process exiting
Exiting without the bug reporter. Application will terminate with return code 0